<?xml version="1.0" encoding="UTF-8"?>
<!-- Generated by org.testng.reporters.JUnitReportReporter -->
<testsuite hostname="aspire512" name="com.SECFramework.testscripts.Store_Details" tests="1" failures="0" timestamp="1 Jun 2016 13:55:08 GMT" time="367.951" errors="1">
  <testcase name="tcGotoShopOnline" time="367.951" classname="com.SECFramework.testscripts.Store_Details">
    <error type="org.testng.SkipException" message="click on shop online from store page not found in page!!">
      <![CDATA[org.testng.SkipException: click on shop online from store page not found in page!!
	at com.SECFramework.support.BrowserActions.clickOnButton(BrowserActions.java:92)
	at com.SECFramework.pages.HomePage.gotoShopOnline(HomePage.java:206)
	at com.SECFramework.testscripts.Store_Details.tcGotoShopOnline(Store_Details.java:187)
	at sun.reflect.NativeMethodAccessorImpl.invoke0(Native Method)
	at sun.reflect.NativeMethodAccessorImpl.invoke(NativeMethodAccessorImpl.java:62)
	at sun.reflect.DelegatingMethodAccessorImpl.invoke(DelegatingMethodAccessorImpl.java:43)
	at java.lang.reflect.Method.invoke(Method.java:497)
	at org.testng.internal.MethodInvocationHelper.invokeMethod(MethodInvocationHelper.java:85)
	at org.testng.internal.Invoker.invokeMethod(Invoker.java:659)
	at org.testng.internal.Invoker.invokeTestMethod(Invoker.java:845)
	at org.testng.internal.TestMethodWithDataProviderMethodWorker.call(TestMethodWithDataProviderMethodWorker.java:75)
	at org.testng.internal.TestMethodWithDataProviderMethodWorker.call(TestMethodWithDataProviderMethodWorker.java:14)
	at java.util.concurrent.FutureTask.run(FutureTask.java:266)
	at java.util.concurrent.Executors$RunnableAdapter.call(Executors.java:511)
	at java.util.concurrent.FutureTask.run(FutureTask.java:266)
	at java.util.concurrent.ThreadPoolExecutor.runWorker(ThreadPoolExecutor.java:1142)
	at java.util.concurrent.ThreadPoolExecutor$Worker.run(ThreadPoolExecutor.java:617)
	at java.lang.Thread.run(Thread.java:745)
]]>
    </error>
  </testcase> <!-- tcGotoShopOnline -->
</testsuite> <!-- com.SECFramework.testscripts.Store_Details -->
