<?xml version="1.0" encoding="UTF-8"?>
<!-- Generated by org.testng.reporters.JUnitReportReporter -->
<testsuite hostname="aspire512" name="com.SECFramework.testscripts.Registered_Customer_Checkout" tests="1" failures="1" timestamp="2 Jun 2016 09:16:02 GMT" time="0.766" errors="0">
  <testcase name="tcGuestEndSignIn" time="0.766" classname="com.SECFramework.testscripts.Registered_Customer_Checkout">
    <failure type="java.lang.AssertionError" message="
Test Data not found in test data sheet for Test Case Id  : TCGUESTENDSIGNIN">
      <![CDATA[java.lang.AssertionError: 
Test Data not found in test data sheet for Test Case Id  : TCGUESTENDSIGNIN
	at org.testng.Assert.fail(Assert.java:94)
	at com.SECFramework.support.TestDataExtractor.readData(TestDataExtractor.java:127)
	at com.SECFramework.testscripts.Registered_Customer_Checkout.tcGuestEndSignIn(Registered_Customer_Checkout.java:135)
	at sun.reflect.NativeMethodAccessorImpl.invoke0(Native Method)
	at sun.reflect.NativeMethodAccessorImpl.invoke(NativeMethodAccessorImpl.java:62)
	at sun.reflect.DelegatingMethodAccessorImpl.invoke(DelegatingMethodAccessorImpl.java:43)
	at java.lang.reflect.Method.invoke(Method.java:497)
	at org.testng.internal.MethodInvocationHelper.invokeMethod(MethodInvocationHelper.java:85)
	at org.testng.internal.Invoker.invokeMethod(Invoker.java:659)
	at org.testng.internal.Invoker.invokeTestMethod(Invoker.java:845)
	at org.testng.internal.TestMethodWithDataProviderMethodWorker.call(TestMethodWithDataProviderMethodWorker.java:75)
	at org.testng.internal.TestMethodWithDataProviderMethodWorker.call(TestMethodWithDataProviderMethodWorker.java:14)
	at java.util.concurrent.FutureTask.run(FutureTask.java:266)
	at java.util.concurrent.Executors$RunnableAdapter.call(Executors.java:511)
	at java.util.concurrent.FutureTask.run(FutureTask.java:266)
	at java.util.concurrent.ThreadPoolExecutor.runWorker(ThreadPoolExecutor.java:1142)
	at java.util.concurrent.ThreadPoolExecutor$Worker.run(ThreadPoolExecutor.java:617)
	at java.lang.Thread.run(Thread.java:745)
]]>
    </failure>
  </testcase> <!-- tcGuestEndSignIn -->
</testsuite> <!-- com.SECFramework.testscripts.Registered_Customer_Checkout -->
