<?xml version="1.0" encoding="UTF-8"?>
<!-- Generated by org.testng.reporters.JUnitReportReporter -->
<testsuite hostname="aspire512" name="com.puma.testscripts.Search_suggestions" tests="1" failures="1" timestamp="26 May 2016 05:57:21 GMT" time="0.016" errors="0">
  <testcase name="searchSuggestionLinks" time="0.016" classname="com.puma.testscripts.Search_suggestions">
    <failure type="org.testng.TestNGException" message="
The data provider is trying to pass 3 parameters but the method com.puma.testscripts.Search_suggestions#searchSuggestionLinks takes 2">
      <![CDATA[org.testng.TestNGException: 
The data provider is trying to pass 3 parameters but the method com.puma.testscripts.Search_suggestions#searchSuggestionLinks takes 2
	at org.testng.internal.Invoker.injectParameters(Invoker.java:1337)
	at org.testng.internal.Invoker.invokeTestMethods(Invoker.java:1203)
	at org.testng.internal.TestMethodWorker.invokeTestMethods(TestMethodWorker.java:127)
	at org.testng.internal.TestMethodWorker.run(TestMethodWorker.java:111)
	at java.util.concurrent.ThreadPoolExecutor.runWorker(Unknown Source)
	at java.util.concurrent.ThreadPoolExecutor$Worker.run(Unknown Source)
	at java.lang.Thread.run(Unknown Source)
]]>
    </failure>
  </testcase> <!-- searchSuggestionLinks -->
</testsuite> <!-- com.puma.testscripts.Search_suggestions -->
